  Afichmation.cpp
C:\Users\exequ\source\repos\DocBlackWolf\Programacion1Tp\Afichmation.cpp(16,30): warning C4244: 'argumento': conversión de 'int' a 'float'; posible pérdida de datos
C:\Users\exequ\source\repos\DocBlackWolf\Programacion1Tp\Afichmation.cpp(16,18): warning C4244: 'argumento': conversión de 'int' a 'float'; posible pérdida de datos
C:\Users\exequ\source\repos\DocBlackWolf\Programacion1Tp\Afichmation.cpp(33,30): warning C4244: 'argumento': conversión de 'int' a 'float'; posible pérdida de datos
C:\Users\exequ\source\repos\DocBlackWolf\Programacion1Tp\Afichmation.cpp(33,18): warning C4244: 'argumento': conversión de 'int' a 'float'; posible pérdida de datos
C:\Users\exequ\source\repos\DocBlackWolf\Programacion1Tp\Afichmation.cpp(90,12): warning C4018: '>': no coinciden signed/unsigned
C:\Users\exequ\source\repos\DocBlackWolf\Programacion1Tp\Afichmation.cpp(102,11): warning C4244: 'inicializando': conversión de 'T' a 'int'; posible pérdida de datos
          with
          [
              T=float
          ]
C:\Users\exequ\source\repos\DocBlackWolf\Programacion1Tp\Afichmation.cpp(108,11): warning C4244: 'inicializando': conversión de 'T' a 'int'; posible pérdida de datos
          with
          [
              T=float
          ]
  Game.cpp
  ImageManager.cpp
  main.cpp
  Player.cpp
  Generando código...
  LINK : no se encontró C:\Users\exequ\Source\Repos\DocBlackWolf\Programacion1Tp\x64\Debug\SFML PREMADE.exe o no lo generó el último vínculo incremental; ejecutando vínculo completo
  SFML PREMADE.vcxproj -> C:\Users\exequ\Source\Repos\DocBlackWolf\Programacion1Tp\x64\Debug\SFML PREMADE.exe
